<?xml version="1.0" encoding="UTF-8"?>
<testsuite xmlns:xsi="http://www.w3.org/2001/XMLSchema-instance" xsi:noNamespaceSchemaLocation="https://maven.apache.org/surefire/maven-surefire-plugin/xsd/surefire-test-report-3.0.xsd" version="3.0" name="com.pdfconvert.converter.ConverterApplicationTests" time="7.488" tests="1" errors="0" skipped="0" failures="0">
  <properties>
[...]
</properties>
  <testcase name="contextLoads" classname="com.pdfconvert.converter.ConverterApplicationTests" time="2.623">
    <system-out><![CDATA[22:39:36.523 [main] INFO org.springframework.test.context.support.AnnotationConfigContextLoaderUtils -- Could not detect default configuration classes for test class [com.pdfconvert.converter.ConverterApplicationTests]: ConverterApplicationTests does not declare any static, non-private, non-final, nested classes annotated with @Configuration.
22:39:37.002 [main] INFO org.springframework.boot.test.context.SpringBootTestContextBootstrapper -- Found @SpringBootConfiguration com.pdfconvert.converter.ConverterApplication for test class com.pdfconvert.converter.ConverterApplicationTests

  .   ____          _            __ _ _
 /\\ / ___'_ __ _ _(_)_ __  __ _ \ \ \ \
( ( )\___ | '_ | '_| | '_ \/ _` | \ \ \ \
 \\/  ___)| |_)| | | | | || (_| |  ) ) ) )
  '  |____| .__|_| |_|_| |_\__, | / / / /
 =========|_|==============|___/=/_/_/_/
 :: Spring Boot ::                (v3.1.0)

2023-06-21T22:39:37.773+05:30  INFO 11236 --- [           main] c.p.converter.ConverterApplicationTests  : Starting ConverterApplicationTests using Java 17.0.2 with PID 11236 (started by USER in E:\converter)
2023-06-21T22:39:37.776+05:30  INFO 11236 --- [           main] c.p.converter.ConverterApplicationTests  : No active profile set, falling back to 1 default profile: "default"
2023-06-21T22:39:40.301+05:30  INFO 11236 --- [           main] c.p.converter.ConverterApplicationTests  : Started ConverterApplicationTests in 3.017 seconds (process running for 6.25)
]]></system-out>
  </testcase>
</testsuite>